<?xml version="1.0" encoding="UTF-8"?>
<!-- Generated by org.testng.reporters.JUnitReportReporter -->
<testsuite hostname="LAPTOP-A221K0G3" failures="0" tests="1" name="hospital_management_system.TC_HMS_29" time="1.100" errors="0" timestamp="2023-01-28T12:46:32 IST" skipped="0">
  <testcase classname="hospital_management_system.TC_HMS_29" name="contact" time="1.100"/>
  <system-out>
Contact us page is displayed Full name is entered properly Email id is entered properly Mobile no is entered properly Description is entered properly password is changed  </system-out>
</testsuite> <!-- hospital_management_system.TC_HMS_29 -->
