<?xml version="1.0" encoding="UTF-8"?>
<!-- Generated by org.testng.reporters.JUnitReportReporter -->
<testsuite hostname="LAPTOP-A221K0G3" failures="0" tests="1" name="hospital_management_system.TC_HMS_12" time="2.186" errors="0" timestamp="2023-01-27T15:07:05 IST" skipped="0">
  <testcase classname="hospital_management_system.TC_HMS_12" name="forpatientModule" time="2.186"/>
  <system-out>
user login page is displayed username is entered successfully password is entered successfully patientHomePageTitle: User | Dashboard is displayed successfully Book appointment to appointment history is done  </system-out>
</testsuite> <!-- hospital_management_system.TC_HMS_12 -->
