<?xml version="1.0" encoding="UTF-8"?>
<!-- Generated by org.testng.reporters.JUnitReportReporter -->
<testsuite hostname="LAPTOP-A221K0G3" failures="0" tests="1" name="hospital_management_system.TC_HMS_27" time="1.203" errors="0" timestamp="2023-01-28T11:56:09 IST" skipped="0">
  <testcase classname="hospital_management_system.TC_HMS_27" name="register" time="1.203"/>
  <system-out>
user login page is displayed Password recovery page is displayed Full name is entered properly Email id is entered properly Password reset page is displayed Password is entered properly Confirm password is entered properly password is changed  </system-out>
</testsuite> <!-- hospital_management_system.TC_HMS_27 -->
