<?xml version="1.0" encoding="UTF-8"?>
<!-- Generated by org.testng.reporters.JUnitReportReporter -->
<testsuite hostname="LAPTOP-A221K0G3" failures="0" tests="1" name="hospital_management_system.TC_HMS_02" time="1.886" errors="0" timestamp="2023-01-27T11:17:21 IST" skipped="0">
  <testcase classname="hospital_management_system.TC_HMS_02" name="forDoctorModule" time="1.886"/>
  <system-out>
Doctor Login page is displayed username is entered successfully password is entered successfully DoctorHomePageTitle is displayed successfully patient name is entered properly Contact number is entered properly Email id is entered properly Address is entered properly Age is entered properly  </system-out>
</testsuite> <!-- hospital_management_system.TC_HMS_02 -->
