<?xml version="1.0" encoding="UTF-8"?>
<!-- Generated by org.testng.reporters.JUnitReportReporter -->
<testsuite hostname="LAPTOP-A221K0G3" failures="0" tests="1" name="hospital_management_system.TC_HMS_25" time="2.621" errors="0" timestamp="2023-01-27T19:17:00 IST" skipped="0">
  <testcase classname="hospital_management_system.TC_HMS_25" name="enterAlternateBookingAppointment" time="2.621"/>
  <system-out>
user login page is displayed username is entered successfully password is entered successfully patientHomePageTitle: User | Dashboard is displayed successfully updated name is entered successfully updated place is entered successfully  </system-out>
</testsuite> <!-- hospital_management_system.TC_HMS_25 -->
