<?xml version="1.0" encoding="UTF-8"?>
<!-- Generated by org.testng.reporters.JUnitReportReporter -->
<testsuite hostname="LAPTOP-A221K0G3" failures="0" tests="1" name="hospital_management_system.TC_HMS_03" time="1.214" errors="0" timestamp="2023-01-27T11:24:23 IST" skipped="0">
  <testcase classname="hospital_management_system.TC_HMS_03" name="forAdminModule" time="1.214"/>
  <system-out>
Admin Login page is displayed username is entered successfully password is entered successfully Admin home page title is displayed successfully entered specialization is entered properly  </system-out>
</testsuite> <!-- hospital_management_system.TC_HMS_03 -->
