<?xml version="1.0" encoding="UTF-8"?>
<!-- Generated by org.testng.reporters.JUnitReportReporter -->
<testsuite hostname="LAPTOP-A221K0G3" failures="0" tests="1" name="hospital_management_system.TC_HMS_20" time="1.641" errors="0" timestamp="2023-01-27T17:34:48 IST" skipped="0">
  <testcase classname="hospital_management_system.TC_HMS_20" name="forpatientModule" time="1.641"/>
  <system-out>
user login page is displayed username is entered successfully password is entered successfully patientHomePageTitle: User | Dashboard is displayed successfully edit profile page is displayed edit email page is displayed email id is entered properly profile is updated successfully  </system-out>
</testsuite> <!-- hospital_management_system.TC_HMS_20 -->
