<?xml version="1.0" encoding="UTF-8"?>
<!-- Generated by org.testng.reporters.JUnitReportReporter -->
<testsuite hostname="LAPTOP-A221K0G3" failures="0" tests="1" name="hospital_management_system.TC_HMS_15" time="1.486" errors="0" timestamp="2023-01-27T16:09:57 IST" skipped="0">
  <testcase classname="hospital_management_system.TC_HMS_15" name="forpatientModule" time="1.486"/>
  <system-out>
user login page is displayed username is entered successfully password is entered successfully patientHomePageTitle: User | Dashboard is displayed successfully change password page is displayed current password is entered properly New password is entered properly Confirms password is entered properly old password mismatch message is displayed  </system-out>
</testsuite> <!-- hospital_management_system.TC_HMS_15 -->
