<?xml version="1.0" encoding="UTF-8"?>
<!-- Generated by org.testng.reporters.JUnitReportReporter -->
<testsuite hostname="LAPTOP-A221K0G3" failures="0" tests="1" name="hospital_management_system.TC_HMS_11" time="3.379" errors="0" timestamp="2023-01-27T13:30:37 IST" skipped="0">
  <testcase classname="hospital_management_system.TC_HMS_11" name="forAdminModule" time="3.379"/>
  <system-out>
Admin Login page is displayed username is entered successfully password is entered successfully Admin home page title is displayed successfully entered specialization is entered properly  </system-out>
</testsuite> <!-- hospital_management_system.TC_HMS_11 -->
