<?xml version="1.0" encoding="UTF-8"?>
<!-- Generated by org.testng.reporters.JUnitReportReporter -->
<testsuite hostname="LAPTOP-A221K0G3" failures="0" tests="1" name="hospital_management_system.TC_HMS_08" time="4.262" errors="0" timestamp="2023-01-27T12:43:16 IST" skipped="0">
  <testcase classname="hospital_management_system.TC_HMS_08" name="forAdminModule" time="4.262"/>
  <system-out>
Admin Login page is displayed username is   successfully password is   successfully AdminHomePageTitle is displayed successfully   Doctor name is entered properly   Doctor Address is entered properly   Doctor Fees is entered properly Doctor Contact is entered properly Doctor Email is entered properly Doctor Password is entered properly Doctor ConfirmPassword is matched with DoctorPassword textfield  properly Doctor name added successfully Doctor details updated successfully  </system-out>
</testsuite> <!-- hospital_management_system.TC_HMS_08 -->
