<?xml version="1.0" encoding="UTF-8"?>
<!-- Generated by org.testng.reporters.JUnitReportReporter -->
<testsuite hostname="LAPTOP-A221K0G3" failures="0" tests="1" name="hospital_management_system.TC_HMS_04" time="2.117" errors="0" timestamp="2023-01-27T11:34:54 IST" skipped="0">
  <testcase classname="hospital_management_system.TC_HMS_04" name="forDoctorModule" time="2.117"/>
  <system-out>
Doctor Login page is displayed username is entered successfully password is entered successfully DoctorHomePageTitle is displayed successfully entered name is updated successfully entered address Bangalore is updated successfully entered medical history is updated successfully  </system-out>
</testsuite> <!-- hospital_management_system.TC_HMS_04 -->
