<?xml version="1.0" encoding="UTF-8"?>
<!-- Generated by org.testng.reporters.JUnitReportReporter -->
<testsuite hostname="LAPTOP-A221K0G3" failures="0" tests="1" name="hospital_management_system.TC_HMS_06" time="2.510" errors="0" timestamp="2023-01-27T12:02:46 IST" skipped="0">
  <testcase classname="hospital_management_system.TC_HMS_06" name="enterAdminModule" time="2.510"/>
  <system-out>
Admin Login page is displayed username is   successfully password is   successfully AdminHomePageTitle is displayed successfully   Doctornameis entered properly   DoctorAddressis entered properly   DoctorFeesis entered properly DoctorContactis entered properly DoctorEmailis entered properly DoctorPasswordis entered properly Doctor ConfirmPassword is matched with DoctorPassword textfield  properly Doctor details are added successfully  </system-out>
</testsuite> <!-- hospital_management_system.TC_HMS_06 -->
