<?xml version="1.0" encoding="UTF-8"?>
<!-- Generated by org.testng.reporters.JUnitReportReporter -->
<testsuite hostname="LAPTOP-A221K0G3" failures="0" tests="1" name="hospital_management_system.TC_HMS_26" time="1.871" errors="0" timestamp="2023-01-28T11:08:44 IST" skipped="0">
  <testcase classname="hospital_management_system.TC_HMS_26" name="register" time="1.871"/>
  <system-out>
user login page is displayed register page is displayed Full name is entered properly Address is entered properly City value is entered properly Male radio button is clicked Email id is entered properly Email id is available Password is entered properly Confirm password is entered properly I agree checkbox is checked patient is registered  </system-out>
</testsuite> <!-- hospital_management_system.TC_HMS_26 -->
